<?xml version="1.0" encoding="UTF-8"?>
<!-- Generated by org.testng.reporters.JUnitReportReporter -->
<testsuite skipped="0" hostname="123mm" name="com.mystore.testcases.EndToEndTest" tests="1" failures="0" timestamp="22 Oct 2020 18:30:09 GMT" time="59.921" errors="0">
  <testcase name="endToEndTest" time="59.921" classname="com.mystore.testcases.EndToEndTest"/>
</testsuite> <!-- com.mystore.testcases.EndToEndTest -->
