<?xml version="1.0" encoding="UTF-8"?>
<!-- Generated by org.testng.reporters.JUnitReportReporter -->
<testsuite skipped="0" hostname="123mm" name="com.mystore.testcases.HomePageTest" tests="2" failures="0" timestamp="23 Oct 2020 04:23:33 GMT" time="90.861" errors="0">
  <testcase name="wishListTest" time="56.232" classname="com.mystore.testcases.HomePageTest"/>
  <testcase name="orderHistoryTest" time="34.629" classname="com.mystore.testcases.HomePageTest"/>
</testsuite> <!-- com.mystore.testcases.HomePageTest -->
