<?xml version="1.0" encoding="UTF-8"?>
<!-- Generated by org.testng.reporters.JUnitReportReporter -->
<testsuite skipped="0" hostname="123mm" name="com.mystore.testcases.OrderPageTest" tests="1" failures="0" timestamp="22 Oct 2020 19:47:39 GMT" time="38.131" errors="0">
  <testcase name="verifyTotalPrice" time="38.131" classname="com.mystore.testcases.OrderPageTest"/>
</testsuite> <!-- com.mystore.testcases.OrderPageTest -->
