<?xml version="1.0" encoding="UTF-8"?>
<!-- Generated by org.testng.reporters.JUnitReportReporter -->
<testsuite skipped="0" hostname="123mm" name="com.mystore.testcases.AddToCartPageTest" tests="1" failures="0" timestamp="23 Oct 2020 03:58:52 GMT" time="56.076" errors="0">
  <testcase name="addToCartTest" time="56.076" classname="com.mystore.testcases.AddToCartPageTest"/>
</testsuite> <!-- com.mystore.testcases.AddToCartPageTest -->
