<?xml version="1.0" encoding="UTF-8"?>
<!-- Generated by org.testng.reporters.JUnitReportReporter -->
<testsuite skipped="0" hostname="123mm" name="com.mystore.testcases.LoginPageTest" tests="1" failures="0" timestamp="23 Oct 2020 04:31:19 GMT" time="69.592" errors="0">
  <testcase name="loginTest" time="69.592" classname="com.mystore.testcases.LoginPageTest"/>
</testsuite> <!-- com.mystore.testcases.LoginPageTest -->
