<?xml version="1.0" encoding="UTF-8"?>
<!-- Generated by org.testng.reporters.JUnitReportReporter -->
<testsuite skipped="0" hostname="123mm" name="com.mystore.testcases.SearchResultPageTest" tests="1" failures="0" timestamp="23 Oct 2020 04:31:19 GMT" time="81.317" errors="0">
  <testcase name="productAvialabilityTest" time="81.317" classname="com.mystore.testcases.SearchResultPageTest"/>
</testsuite> <!-- com.mystore.testcases.SearchResultPageTest -->
