<?xml version="1.0" encoding="UTF-8"?>
<!-- Generated by org.testng.reporters.JUnitReportReporter -->
<testsuite skipped="0" hostname="123mm" name="com.mystore.testcases.HomePageTest" tests="2" failures="0" timestamp="23 Oct 2020 04:31:19 GMT" time="133.593" errors="0">
  <testcase name="orderHistoryTest" time="75.537" classname="com.mystore.testcases.HomePageTest"/>
  <testcase name="wishListTest" time="58.056" classname="com.mystore.testcases.HomePageTest"/>
</testsuite> <!-- com.mystore.testcases.HomePageTest -->
