<?xml version="1.0" encoding="UTF-8"?>
<!-- Generated by org.testng.reporters.JUnitReportReporter -->
<testsuite skipped="0" hostname="123mm" name="com.mystore.testcases.IndexPageTest" tests="2" failures="0" timestamp="23 Oct 2020 04:31:19 GMT" time="59.080" errors="0">
  <testcase name="verifyTitle" time="18.555" classname="com.mystore.testcases.IndexPageTest"/>
  <testcase name="verifyLogo" time="40.525" classname="com.mystore.testcases.IndexPageTest"/>
</testsuite> <!-- com.mystore.testcases.IndexPageTest -->
